<?xml version="1.0" encoding="UTF-8"?>
<testng-results skipped="0" failed="0" ignored="0" total="1" passed="1">
  <reporter-output>
    <line>
      <![CDATA[this question was added]]>
    </line>
    <line>
      <![CDATA[this question was added]]>
    </line>
    <line>
      <![CDATA[this is a good test re]]>
    </line>
  </reporter-output>
  <suite name="Command line suite" duration-ms="5760" started-at="2021-03-30T12:47:25 IDT" finished-at="2021-03-30T12:47:31 IDT">
    <groups>
    </groups>
    <test name="Command line test" duration-ms="5760" started-at="2021-03-30T12:47:25 IDT" finished-at="2021-03-30T12:47:31 IDT">
      <class name="tests.PqManagerCodingQuestionCSharpTests">
        <test-method status="PASS" signature="setDriver()[pri:0, instance:tests.PqManagerCodingQuestionCSharpTests@335c21c3]" name="setDriver" is-config="true" duration-ms="3880" started-at="2021-03-30T12:47:25 IDT" finished-at="2021-03-30T12:47:29 IDT">
          <reporter-output>
          </reporter-output>
        </test-method> <!-- setDriver -->
        <test-method status="PASS" signature="cSharpInt()[pri:0, instance:tests.PqManagerCodingQuestionCSharpTests@335c21c3]" name="cSharpInt" duration-ms="1103" started-at="2021-03-30T12:47:29 IDT" finished-at="2021-03-30T12:47:30 IDT">
          <reporter-output>
            <line>
              <![CDATA[this is a good test re]]>
            </line>
          </reporter-output>
        </test-method> <!-- cSharpInt -->
        <test-method status="PASS" signature="quitDriver()[pri:0, instance:tests.PqManagerCodingQuestionCSharpTests@335c21c3]" name="quitDriver" is-config="true" duration-ms="774" started-at="2021-03-30T12:47:30 IDT" finished-at="2021-03-30T12:47:31 IDT">
          <reporter-output>
          </reporter-output>
        </test-method> <!-- quitDriver -->
      </class> <!-- tests.PqManagerCodingQuestionCSharpTests -->
    </test> <!-- Command line test -->
  </suite> <!-- Command line suite -->
</testng-results>
